<?xml version="1.0" encoding="UTF-8"?>
<!-- Generated by org.testng.reporters.JUnitReportReporter -->
<testsuite hostname="DESKTOP-UMO9Q3S" failures="0" tests="1" name="project1.AddEmpInPIMTests" time="18.254" errors="0" timestamp="2023-09-25T13:33:32 IST" skipped="0">
  <testcase classname="project1.AddEmpInPIMTests" name="Tc6" time="18.254"/>
  <system-out/>
</testsuite> <!-- project1.AddEmpInPIMTests -->
