<?xml version="1.0" encoding="UTF-8"?>
<!-- Generated by org.testng.reporters.JUnitReportReporter -->
<testsuite hostname="DESKTOP-UMO9Q3S" failures="0" tests="1" name="project2AutoExcercise.TestCases" time="11.007" errors="0" timestamp="2023-09-15T22:19:11 IST" skipped="0">
  <testcase classname="project2AutoExcercise.TestCases" name="TC5" time="11.007"/>
  <system-out/>
</testsuite> <!-- project2AutoExcercise.TestCases -->
