<?xml version="1.0" encoding="UTF-8"?>
<!-- Generated by org.testng.reporters.JUnitReportReporter -->
<testsuite hostname="DESKTOP-UMO9Q3S" failures="0" tests="6" name="projectMaven.MavenMaven.SelPIM" time="152.548" errors="0" timestamp="2023-09-06T02:54:15 IST" skipped="0">
  <testcase classname="projectMaven.MavenMaven.SelPIM" name="Tc5" time="20.175"/>
  <system-out/>
  <testcase classname="projectMaven.MavenMaven.SelPIM" name="Tc6" time="27.069"/>
  <system-out/>
  <testcase classname="projectMaven.MavenMaven.SelPIM" name="Tc7" time="26.993"/>
  <system-out/>
  <testcase classname="projectMaven.MavenMaven.SelPIM" name="Tc8" time="27.952"/>
  <system-out/>
  <testcase classname="projectMaven.MavenMaven.SelPIM" name="Tc9" time="27.563"/>
  <system-out/>
  <testcase classname="projectMaven.MavenMaven.SelPIM" name="Tc10" time="22.796"/>
  <system-out/>
</testsuite> <!-- projectMaven.MavenMaven.SelPIM -->
