<?xml version="1.0" encoding="UTF-8"?>
<!-- Generated by org.testng.reporters.JUnitReportReporter -->
<testsuite hostname="DESKTOP-UMO9Q3S" failures="0" tests="7" name="project1.AddEmpCreateLoginDetails" time="119.342" errors="0" timestamp="2023-09-27T08:52:17 IST" skipped="0">
  <testcase classname="project1.AddEmpCreateLoginDetails" name="Tc10" time="16.568"/>
  <system-out/>
  <testcase classname="project1.AddEmpCreateLoginDetails" name="Tc11" time="15.166"/>
  <system-out/>
  <testcase classname="project1.AddEmpCreateLoginDetails" name="Tc12" time="16.306"/>
  <system-out/>
  <testcase classname="project1.AddEmpCreateLoginDetails" name="Tc13" time="17.510"/>
  <system-out/>
  <testcase classname="project1.AddEmpCreateLoginDetails" name="Tc14" time="16.414"/>
  <system-out/>
  <testcase classname="project1.AddEmpCreateLoginDetails" name="Tc15" time="15.948"/>
  <system-out/>
  <testcase classname="project1.AddEmpCreateLoginDetails" name="Tc16" time="21.430"/>
  <system-out/>
</testsuite> <!-- project1.AddEmpCreateLoginDetails -->
