<?xml version="1.0" encoding="UTF-8"?>
<!-- Generated by org.testng.reporters.JUnitReportReporter -->
<testsuite hostname="DESKTOP-UMO9Q3S" failures="0" tests="1" name="projectMaven.MavenMaven.Credentials" time="26.855" errors="0" timestamp="2023-09-06T02:49:47 IST" skipped="0">
  <testcase classname="projectMaven.MavenMaven.Credentials" name="Tc15" time="26.855"/>
  <system-out/>
</testsuite> <!-- projectMaven.MavenMaven.Credentials -->
