<?xml version="1.0" encoding="UTF-8"?>
<!-- Generated by org.testng.reporters.JUnitReportReporter -->
<testsuite hostname="DESKTOP-UMO9Q3S" failures="0" tests="1" name="project2AutoExcercise.Elements" time="10.046" errors="0" timestamp="2023-09-14T16:03:49 IST" skipped="0">
  <testcase classname="project2AutoExcercise.Elements" name="Testone" time="10.046"/>
  <system-out/>
</testsuite> <!-- project2AutoExcercise.Elements -->
