<?xml version="1.0" encoding="UTF-8"?>
<!-- Generated by org.testng.reporters.JUnitReportReporter -->
<testsuite hostname="DESKTOP-UMO9Q3S" failures="0" tests="5" name="project1.HomepageTests" time="58.326" errors="0" timestamp="2023-09-27T07:26:01 IST" skipped="0">
  <testcase classname="project1.HomepageTests" name="Tc1" time="12.350"/>
  <system-out/>
  <testcase classname="project1.HomepageTests" name="Tc2" time="9.525"/>
  <system-out/>
  <testcase classname="project1.HomepageTests" name="Tc3" time="12.977"/>
  <system-out/>
  <testcase classname="project1.HomepageTests" name="Tc4" time="11.377"/>
  <system-out/>
  <testcase classname="project1.HomepageTests" name="Tc5" time="12.097"/>
  <system-out/>
</testsuite> <!-- project1.HomepageTests -->
