<?xml version="1.0" encoding="UTF-8"?>
<!-- Generated by org.testng.reporters.JUnitReportReporter -->
<testsuite hostname="DESKTOP-UMO9Q3S" failures="0" tests="1" name="project2AutoExcercise.Upto26Test" time="49.111" errors="0" timestamp="2023-09-23T16:06:15 IST" skipped="0">
  <testcase classname="project2AutoExcercise.Upto26Test" name="TC24" time="49.111"/>
  <system-out/>
</testsuite> <!-- project2AutoExcercise.Upto26Test -->
