<?xml version="1.0" encoding="UTF-8"?>
<!-- Generated by org.testng.reporters.JUnitReportReporter -->
<testsuite hostname="DESKTOP-UMO9Q3S" failures="0" tests="3" name="project1.Homepage" time="48.271" errors="0" timestamp="2023-09-08T00:52:17 IST" skipped="0">
  <testcase classname="project1.Homepage" name="ForgP1" time="16.184"/>
  <system-out/>
  <testcase classname="project1.Homepage" name="ForgP2" time="14.898"/>
  <system-out/>
  <testcase classname="project1.Homepage" name="ForgP3" time="17.189"/>
  <system-out/>
</testsuite> <!-- project1.Homepage -->
