<?xml version="1.0" encoding="UTF-8"?>
<!-- Generated by org.testng.reporters.JUnitReportReporter -->
<testsuite hostname="DESKTOP-UMO9Q3S" failures="0" tests="1" name="project2AutoExcercise.Upto20Test" time="32.589" errors="0" timestamp="2023-09-22T15:55:20 IST" skipped="0">
  <testcase classname="project2AutoExcercise.Upto20Test" name="TC20" time="32.589"/>
  <system-out/>
</testsuite> <!-- project2AutoExcercise.Upto20Test -->
