<?xml version="1.0" encoding="UTF-8"?>
<!-- Generated by org.testng.reporters.JUnitReportReporter -->
<testsuite hostname="DESKTOP-UMO9Q3S" failures="0" tests="1" name="project1.Credentials" time="23.986" errors="0" timestamp="2023-09-07T13:30:31 IST" skipped="0">
  <testcase classname="project1.Credentials" name="Tc21" time="23.986"/>
  <system-out/>
</testsuite> <!-- project1.Credentials -->
