<?xml version="1.0" encoding="UTF-8"?>
<!-- Generated by org.testng.reporters.JUnitReportReporter -->
<testsuite hostname="DESKTOP-UMO9Q3S" failures="0" tests="2" name="projectMaven.MavenMaven.Rough1" time="7.486" errors="0" timestamp="2023-09-03T00:17:09 IST" skipped="0">
  <testcase classname="projectMaven.MavenMaven.Rough1" name="login" time="2.056"/>
  <system-out/>
  <testcase classname="projectMaven.MavenMaven.Rough1" name="Login2" time="5.430"/>
  <system-out/>
</testsuite> <!-- projectMaven.MavenMaven.Rough1 -->
