<?xml version="1.0" encoding="UTF-8"?>
<!-- Generated by org.testng.reporters.JUnitReportReporter -->
<testsuite hostname="DESKTOP-UMO9Q3S" failures="0" tests="1" name="project2AutoExcercise.Upto10Test" time="7.102" errors="0" timestamp="2023-09-19T00:38:59 IST" skipped="0">
  <testcase classname="project2AutoExcercise.Upto10Test" name="TC10" time="7.102"/>
  <system-out/>
</testsuite> <!-- project2AutoExcercise.Upto10Test -->
