<?xml version="1.0" encoding="UTF-8"?>
<!-- Generated by org.testng.reporters.JUnitReportReporter -->
<testsuite hostname="DESKTOP-UMO9Q3S" failures="0" tests="1" name="project1.AddEmpProfilePicTest" time="24.147" errors="0" timestamp="2023-09-27T17:58:15 IST" skipped="0">
  <testcase classname="project1.AddEmpProfilePicTest" name="Tc16" time="24.147"/>
  <system-out/>
</testsuite> <!-- project1.AddEmpProfilePicTest -->
