<?xml version="1.0" encoding="UTF-8"?>
<!-- Generated by org.testng.reporters.JUnitReportReporter -->
<testsuite hostname="DESKTOP-UMO9Q3S" failures="0" tests="4" name="projectMaven.MavenMaven.Homepage" time="58.960" errors="0" timestamp="2023-09-06T01:39:44 IST" skipped="0">
  <testcase classname="projectMaven.MavenMaven.Homepage" name="Tc1" time="15.544"/>
  <system-out/>
  <testcase classname="projectMaven.MavenMaven.Homepage" name="Tc2" time="14.779"/>
  <system-out/>
  <testcase classname="projectMaven.MavenMaven.Homepage" name="Tc3" time="14.643"/>
  <system-out/>
  <testcase classname="projectMaven.MavenMaven.Homepage" name="Tc4" time="13.994"/>
  <system-out/>
</testsuite> <!-- projectMaven.MavenMaven.Homepage -->
