<?xml version="1.0" encoding="UTF-8"?>
<!-- Generated by org.testng.reporters.JUnitReportReporter -->
<testsuite hostname="DESKTOP-UMO9Q3S" failures="0" tests="5" name="project2AutoExcercise.Upto15Test" time="123.073" errors="0" timestamp="2023-09-20T17:27:21 IST" skipped="0">
  <testcase classname="project2AutoExcercise.Upto15Test" name="TC11" time="7.549"/>
  <system-out/>
  <testcase classname="project2AutoExcercise.Upto15Test" name="TC12" time="21.710"/>
  <system-out/>
  <testcase classname="project2AutoExcercise.Upto15Test" name="TC13" time="12.930"/>
  <system-out/>
  <testcase classname="project2AutoExcercise.Upto15Test" name="TC14" time="41.743"/>
  <system-out/>
  <testcase classname="project2AutoExcercise.Upto15Test" name="TC15" time="39.141"/>
  <system-out/>
</testsuite> <!-- project2AutoExcercise.Upto15Test -->
