<?xml version="1.0" encoding="UTF-8"?>
<!-- Generated by org.testng.reporters.JUnitReportReporter -->
<testsuite hostname="DESKTOP-UMO9Q3S" failures="0" tests="2" name="project1.SubmitCancel" time="69.691" errors="0" timestamp="2023-09-07T13:56:45 IST" skipped="0">
  <testcase classname="project1.SubmitCancel" name="Tc22" time="34.556"/>
  <system-out/>
  <testcase classname="project1.SubmitCancel" name="Tc23" time="35.135"/>
  <system-out/>
</testsuite> <!-- project1.SubmitCancel -->
