<?xml version="1.0" encoding="UTF-8"?>
<!-- Generated by org.testng.reporters.JUnitReportReporter -->
<testsuite hostname="DESKTOP-UMO9Q3S" failures="0" tests="5" name="project1.HomepageTests" time="68.393" errors="0" timestamp="2023-09-25T12:38:05 IST" skipped="0">
  <testcase classname="project1.HomepageTests" name="Tc1" time="14.370"/>
  <system-out/>
  <testcase classname="project1.HomepageTests" name="Tc2" time="11.353"/>
  <system-out/>
  <testcase classname="project1.HomepageTests" name="Tc3" time="12.754"/>
  <system-out/>
  <testcase classname="project1.HomepageTests" name="Tc4" time="13.386"/>
  <system-out/>
  <testcase classname="project1.HomepageTests" name="Tc5" time="16.530"/>
  <system-out/>
</testsuite> <!-- project1.HomepageTests -->
